\BOOKMARK [1][-]{section.1}{问题介绍}{}% 1
\BOOKMARK [1][-]{section.2}{相关工作}{}% 2
\BOOKMARK [1][-]{section.3}{实验任务}{}% 3
\BOOKMARK [1][-]{section.4}{模型设计}{}% 4
\BOOKMARK [2][-]{subsection.4.1}{Baseline}{section.4}% 5
\BOOKMARK [2][-]{subsection.4.2}{Word\040Embedding}{section.4}% 6
\BOOKMARK [2][-]{subsection.4.3}{损失函数}{section.4}% 7
\BOOKMARK [2][-]{subsection.4.4}{基于CNN的模型}{section.4}% 8
\BOOKMARK [2][-]{subsection.4.5}{基于RNN的模型}{section.4}% 9
\BOOKMARK [3][-]{subsubsection.4.5.1}{双向RNN模型}{subsection.4.5}% 10
\BOOKMARK [3][-]{subsubsection.4.5.2}{引入了attention机制的RNN模型}{subsection.4.5}% 11
\BOOKMARK [2][-]{subsection.4.6}{混合模型}{section.4}% 12
\BOOKMARK [1][-]{section.5}{实验}{}% 13
\BOOKMARK [2][-]{subsection.5.1}{实验数据}{section.5}% 14
\BOOKMARK [2][-]{subsection.5.2}{评价标准}{section.5}% 15
\BOOKMARK [2][-]{subsection.5.3}{模型实现, 参数设置与运行环境}{section.5}% 16
\BOOKMARK [2][-]{subsection.5.4}{实验结果}{section.5}% 17
\BOOKMARK [3][-]{subsubsection.5.4.1}{词向量维度的影响}{subsection.5.4}% 18
\BOOKMARK [3][-]{subsubsection.5.4.2}{词向量训练方式的影响}{subsection.5.4}% 19
\BOOKMARK [3][-]{subsubsection.5.4.3}{正文截取长度的影响}{subsection.5.4}% 20
\BOOKMARK [3][-]{subsubsection.5.4.4}{RNN单元种类的影响}{subsection.5.4}% 21
\BOOKMARK [3][-]{subsubsection.5.4.5}{模型效果比较}{subsection.5.4}% 22
\BOOKMARK [1][-]{section.6}{结论}{}% 23
\BOOKMARK [1][-]{appendix.A}{运行参数设置}{}% 24
\BOOKMARK [1][-]{appendix.B}{程序运行说明}{}% 25
